<?xml version="1.0" encoding="UTF-8"?>
<testsuite xmlns:xsi="http://www.w3.org/2001/XMLSchema-instance" xsi:noNamespaceSchemaLocation="https://maven.apache.org/surefire/maven-surefire-plugin/xsd/surefire-test-report.xsd" name="com.luobin.luobin_tianqituisong.LuobinTianqituisongApplicationTests" time="3.326" tests="2" errors="1" skipped="0" failures="0">
  <properties>
    <property name="java.specification.version" value="17"/>
    <property name="sun.cpu.isalist" value="amd64"/>
    <property name="sun.jnu.encoding" value="GBK"/>
    <property name="java.class.path" value="E:\gitee_Project\super-fw\superFw\target\test-classes;E:\gitee_Project\super-fw\superFw\target\classes;E:\mavnRepository\org\springframework\boot\spring-boot-starter\2.7.3\spring-boot-starter-2.7.3.jar;E:\mavnRepository\org\springframework\boot\spring-boot\2.7.3\spring-boot-2.7.3.jar;E:\mavnRepository\org\springframework\spring-context\5.3.22\spring-context-5.3.22.jar;E:\mavnRepository\org\springframework\boot\spring-boot-autoconfigure\2.7.3\spring-boot-autoconfigure-2.7.3.jar;E:\mavnRepository\org\springframework\boot\spring-boot-starter-logging\2.7.3\spring-boot-starter-logging-2.7.3.jar;E:\mavnRepository\ch\qos\logback\logback-classic\1.2.11\logback-classic-1.2.11.jar;E:\mavnRepository\ch\qos\logback\logback-core\1.2.11\logback-core-1.2.11.jar;E:\mavnRepository\org\apache\logging\log4j\log4j-to-slf4j\2.17.2\log4j-to-slf4j-2.17.2.jar;E:\mavnRepository\org\apache\logging\log4j\log4j-api\2.17.2\log4j-api-2.17.2.jar;E:\mavnRepository\org\slf4j\jul-to-slf4j\1.7.36\jul-to-slf4j-1.7.36.jar;E:\mavnRepository\jakarta\annotation\jakarta.annotation-api\1.3.5\jakarta.annotation-api-1.3.5.jar;E:\mavnRepository\org\springframework\spring-core\5.3.22\spring-core-5.3.22.jar;E:\mavnRepository\org\springframework\spring-jcl\5.3.22\spring-jcl-5.3.22.jar;E:\mavnRepository\org\yaml\snakeyaml\1.30\snakeyaml-1.30.jar;E:\mavnRepository\org\springframework\boot\spring-boot-starter-test\2.7.3\spring-boot-starter-test-2.7.3.jar;E:\mavnRepository\org\springframework\boot\spring-boot-test\2.7.3\spring-boot-test-2.7.3.jar;E:\mavnRepository\org\springframework\boot\spring-boot-test-autoconfigure\2.7.3\spring-boot-test-autoconfigure-2.7.3.jar;E:\mavnRepository\com\jayway\jsonpath\json-path\2.7.0\json-path-2.7.0.jar;E:\mavnRepository\net\minidev\json-smart\2.4.8\json-smart-2.4.8.jar;E:\mavnRepository\net\minidev\accessors-smart\2.4.8\accessors-smart-2.4.8.jar;E:\mavnRepository\org\ow2\asm\asm\9.1\asm-9.1.jar;E:\mavnRepository\org\slf4j\slf4j-api\1.7.36\slf4j-api-1.7.36.jar;E:\mavnRepository\jakarta\xml\bind\jakarta.xml.bind-api\2.3.3\jakarta.xml.bind-api-2.3.3.jar;E:\mavnRepository\jakarta\activation\jakarta.activation-api\1.2.2\jakarta.activation-api-1.2.2.jar;E:\mavnRepository\org\assertj\assertj-core\3.22.0\assertj-core-3.22.0.jar;E:\mavnRepository\org\hamcrest\hamcrest\2.2\hamcrest-2.2.jar;E:\mavnRepository\org\junit\jupiter\junit-jupiter\5.8.2\junit-jupiter-5.8.2.jar;E:\mavnRepository\org\junit\jupiter\junit-jupiter-api\5.8.2\junit-jupiter-api-5.8.2.jar;E:\mavnRepository\org\opentest4j\opentest4j\1.2.0\opentest4j-1.2.0.jar;E:\mavnRepository\org\junit\platform\junit-platform-commons\1.8.2\junit-platform-commons-1.8.2.jar;E:\mavnRepository\org\apiguardian\apiguardian-api\1.1.2\apiguardian-api-1.1.2.jar;E:\mavnRepository\org\junit\jupiter\junit-jupiter-params\5.8.2\junit-jupiter-params-5.8.2.jar;E:\mavnRepository\org\junit\jupiter\junit-jupiter-engine\5.8.2\junit-jupiter-engine-5.8.2.jar;E:\mavnRepository\org\junit\platform\junit-platform-engine\1.8.2\junit-platform-engine-1.8.2.jar;E:\mavnRepository\org\mockito\mockito-core\4.5.1\mockito-core-4.5.1.jar;E:\mavnRepository\net\bytebuddy\byte-buddy\1.12.13\byte-buddy-1.12.13.jar;E:\mavnRepository\net\bytebuddy\byte-buddy-agent\1.12.13\byte-buddy-agent-1.12.13.jar;E:\mavnRepository\org\objenesis\objenesis\3.2\objenesis-3.2.jar;E:\mavnRepository\org\mockito\mockito-junit-jupiter\4.5.1\mockito-junit-jupiter-4.5.1.jar;E:\mavnRepository\org\skyscreamer\jsonassert\1.5.1\jsonassert-1.5.1.jar;E:\mavnRepository\com\vaadin\external\google\android-json\0.0.20131108.vaadin1\android-json-0.0.20131108.vaadin1.jar;E:\mavnRepository\org\springframework\spring-test\5.3.22\spring-test-5.3.22.jar;E:\mavnRepository\org\xmlunit\xmlunit-core\2.9.0\xmlunit-core-2.9.0.jar;E:\mavnRepository\org\projectlombok\lombok\1.18.20\lombok-1.18.20.jar;E:\mavnRepository\com\alibaba\fastjson\2.0.7\fastjson-2.0.7.jar;E:\mavnRepository\com\alibaba\fastjson2\fastjson2-extension\2.0.7\fastjson2-extension-2.0.7.jar;E:\mavnRepository\com\alibaba\fastjson2\fastjson2\2.0.7\fastjson2-2.0.7.jar;E:\mavnRepository\org\springframework\boot\spring-boot-starter-web\2.7.3\spring-boot-starter-web-2.7.3.jar;E:\mavnRepository\org\springframework\boot\spring-boot-starter-json\2.7.3\spring-boot-starter-json-2.7.3.jar;E:\mavnRepository\com\fasterxml\jackson\core\jackson-databind\2.13.3\jackson-databind-2.13.3.jar;E:\mavnRepository\com\fasterxml\jackson\core\jackson-annotations\2.13.3\jackson-annotations-2.13.3.jar;E:\mavnRepository\com\fasterxml\jackson\core\jackson-core\2.13.3\jackson-core-2.13.3.jar;E:\mavnRepository\com\fasterxml\jackson\datatype\jackson-datatype-jdk8\2.13.3\jackson-datatype-jdk8-2.13.3.jar;E:\mavnRepository\com\fasterxml\jackson\datatype\jackson-datatype-jsr310\2.13.3\jackson-datatype-jsr310-2.13.3.jar;E:\mavnRepository\com\fasterxml\jackson\module\jackson-module-parameter-names\2.13.3\jackson-module-parameter-names-2.13.3.jar;E:\mavnRepository\org\springframework\boot\spring-boot-starter-tomcat\2.7.3\spring-boot-starter-tomcat-2.7.3.jar;E:\mavnRepository\org\apache\tomcat\embed\tomcat-embed-core\9.0.65\tomcat-embed-core-9.0.65.jar;E:\mavnRepository\org\apache\tomcat\embed\tomcat-embed-el\9.0.65\tomcat-embed-el-9.0.65.jar;E:\mavnRepository\org\apache\tomcat\embed\tomcat-embed-websocket\9.0.65\tomcat-embed-websocket-9.0.65.jar;E:\mavnRepository\org\springframework\spring-web\5.3.22\spring-web-5.3.22.jar;E:\mavnRepository\org\springframework\spring-beans\5.3.22\spring-beans-5.3.22.jar;E:\mavnRepository\org\springframework\spring-webmvc\5.3.22\spring-webmvc-5.3.22.jar;E:\mavnRepository\org\springframework\spring-aop\5.3.22\spring-aop-5.3.22.jar;E:\mavnRepository\org\springframework\spring-expression\5.3.22\spring-expression-5.3.22.jar;E:\mavnRepository\com\github\binarywang\weixin-java-mp\3.3.0\weixin-java-mp-3.3.0.jar;E:\mavnRepository\com\github\binarywang\weixin-java-common\3.3.0\weixin-java-common-3.3.0.jar;E:\mavnRepository\com\thoughtworks\xstream\xstream\1.4.10\xstream-1.4.10.jar;E:\mavnRepository\xmlpull\xmlpull\1.1.3.1\xmlpull-1.1.3.1.jar;E:\mavnRepository\xpp3\xpp3_min\1.1.4c\xpp3_min-1.1.4c.jar;E:\mavnRepository\org\apache\httpcomponents\httpclient\4.5.13\httpclient-4.5.13.jar;E:\mavnRepository\org\apache\httpcomponents\httpcore\4.4.15\httpcore-4.4.15.jar;E:\mavnRepository\org\apache\httpcomponents\httpmime\4.5.13\httpmime-4.5.13.jar;E:\mavnRepository\org\slf4j\jcl-over-slf4j\1.7.36\jcl-over-slf4j-1.7.36.jar;E:\mavnRepository\com\google\code\gson\gson\2.9.1\gson-2.9.1.jar;E:\mavnRepository\commons-codec\commons-codec\1.15\commons-codec-1.15.jar;E:\mavnRepository\commons-io\commons-io\2.5\commons-io-2.5.jar;E:\mavnRepository\org\apache\commons\commons-lang3\3.12.0\commons-lang3-3.12.0.jar;E:\mavnRepository\com\google\guava\guava\20.0\guava-20.0.jar;E:\mavnRepository\org\dom4j\dom4j\2.0.0\dom4j-2.0.0.jar;E:\mavnRepository\jaxen\jaxen\1.2.0\jaxen-1.2.0.jar;"/>
    <property name="java.vm.vendor" value="JetBrains s.r.o."/>
    <property name="sun.arch.data.model" value="64"/>
    <property name="user.variant" value=""/>
    <property name="java.vendor.url" value="https://openjdk.java.net/"/>
    <property name="user.timezone" value="Asia/Shanghai"/>
    <property name="os.name" value="Windows 11"/>
    <property name="java.vm.specification.version" value="17"/>
    <property name="sun.java.launcher" value="SUN_STANDARD"/>
    <property name="user.country" value="CN"/>
    <property name="sun.boot.library.path" value="D:\idea\IntelliJ IDEA 2022.2.1\jbr\bin"/>
    <property name="sun.java.command" value="C:\Users\78686\AppData\Local\Temp\surefire17680364102250050191\surefirebooter4421393788286349672.jar C:\Users\78686\AppData\Local\Temp\surefire17680364102250050191 2022-09-08T19-59-29_311-jvmRun1 surefire12781039077985244490tmp surefire_010813756595891270522tmp"/>
    <property name="jdk.debug" value="release"/>
    <property name="surefire.test.class.path" value="E:\gitee_Project\super-fw\superFw\target\test-classes;E:\gitee_Project\super-fw\superFw\target\classes;E:\mavnRepository\org\springframework\boot\spring-boot-starter\2.7.3\spring-boot-starter-2.7.3.jar;E:\mavnRepository\org\springframework\boot\spring-boot\2.7.3\spring-boot-2.7.3.jar;E:\mavnRepository\org\springframework\spring-context\5.3.22\spring-context-5.3.22.jar;E:\mavnRepository\org\springframework\boot\spring-boot-autoconfigure\2.7.3\spring-boot-autoconfigure-2.7.3.jar;E:\mavnRepository\org\springframework\boot\spring-boot-starter-logging\2.7.3\spring-boot-starter-logging-2.7.3.jar;E:\mavnRepository\ch\qos\logback\logback-classic\1.2.11\logback-classic-1.2.11.jar;E:\mavnRepository\ch\qos\logback\logback-core\1.2.11\logback-core-1.2.11.jar;E:\mavnRepository\org\apache\logging\log4j\log4j-to-slf4j\2.17.2\log4j-to-slf4j-2.17.2.jar;E:\mavnRepository\org\apache\logging\log4j\log4j-api\2.17.2\log4j-api-2.17.2.jar;E:\mavnRepository\org\slf4j\jul-to-slf4j\1.7.36\jul-to-slf4j-1.7.36.jar;E:\mavnRepository\jakarta\annotation\jakarta.annotation-api\1.3.5\jakarta.annotation-api-1.3.5.jar;E:\mavnRepository\org\springframework\spring-core\5.3.22\spring-core-5.3.22.jar;E:\mavnRepository\org\springframework\spring-jcl\5.3.22\spring-jcl-5.3.22.jar;E:\mavnRepository\org\yaml\snakeyaml\1.30\snakeyaml-1.30.jar;E:\mavnRepository\org\springframework\boot\spring-boot-starter-test\2.7.3\spring-boot-starter-test-2.7.3.jar;E:\mavnRepository\org\springframework\boot\spring-boot-test\2.7.3\spring-boot-test-2.7.3.jar;E:\mavnRepository\org\springframework\boot\spring-boot-test-autoconfigure\2.7.3\spring-boot-test-autoconfigure-2.7.3.jar;E:\mavnRepository\com\jayway\jsonpath\json-path\2.7.0\json-path-2.7.0.jar;E:\mavnRepository\net\minidev\json-smart\2.4.8\json-smart-2.4.8.jar;E:\mavnRepository\net\minidev\accessors-smart\2.4.8\accessors-smart-2.4.8.jar;E:\mavnRepository\org\ow2\asm\asm\9.1\asm-9.1.jar;E:\mavnRepository\org\slf4j\slf4j-api\1.7.36\slf4j-api-1.7.36.jar;E:\mavnRepository\jakarta\xml\bind\jakarta.xml.bind-api\2.3.3\jakarta.xml.bind-api-2.3.3.jar;E:\mavnRepository\jakarta\activation\jakarta.activation-api\1.2.2\jakarta.activation-api-1.2.2.jar;E:\mavnRepository\org\assertj\assertj-core\3.22.0\assertj-core-3.22.0.jar;E:\mavnRepository\org\hamcrest\hamcrest\2.2\hamcrest-2.2.jar;E:\mavnRepository\org\junit\jupiter\junit-jupiter\5.8.2\junit-jupiter-5.8.2.jar;E:\mavnRepository\org\junit\jupiter\junit-jupiter-api\5.8.2\junit-jupiter-api-5.8.2.jar;E:\mavnRepository\org\opentest4j\opentest4j\1.2.0\opentest4j-1.2.0.jar;E:\mavnRepository\org\junit\platform\junit-platform-commons\1.8.2\junit-platform-commons-1.8.2.jar;E:\mavnRepository\org\apiguardian\apiguardian-api\1.1.2\apiguardian-api-1.1.2.jar;E:\mavnRepository\org\junit\jupiter\junit-jupiter-params\5.8.2\junit-jupiter-params-5.8.2.jar;E:\mavnRepository\org\junit\jupiter\junit-jupiter-engine\5.8.2\junit-jupiter-engine-5.8.2.jar;E:\mavnRepository\org\junit\platform\junit-platform-engine\1.8.2\junit-platform-engine-1.8.2.jar;E:\mavnRepository\org\mockito\mockito-core\4.5.1\mockito-core-4.5.1.jar;E:\mavnRepository\net\bytebuddy\byte-buddy\1.12.13\byte-buddy-1.12.13.jar;E:\mavnRepository\net\bytebuddy\byte-buddy-agent\1.12.13\byte-buddy-agent-1.12.13.jar;E:\mavnRepository\org\objenesis\objenesis\3.2\objenesis-3.2.jar;E:\mavnRepository\org\mockito\mockito-junit-jupiter\4.5.1\mockito-junit-jupiter-4.5.1.jar;E:\mavnRepository\org\skyscreamer\jsonassert\1.5.1\jsonassert-1.5.1.jar;E:\mavnRepository\com\vaadin\external\google\android-json\0.0.20131108.vaadin1\android-json-0.0.20131108.vaadin1.jar;E:\mavnRepository\org\springframework\spring-test\5.3.22\spring-test-5.3.22.jar;E:\mavnRepository\org\xmlunit\xmlunit-core\2.9.0\xmlunit-core-2.9.0.jar;E:\mavnRepository\org\projectlombok\lombok\1.18.20\lombok-1.18.20.jar;E:\mavnRepository\com\alibaba\fastjson\2.0.7\fastjson-2.0.7.jar;E:\mavnRepository\com\alibaba\fastjson2\fastjson2-extension\2.0.7\fastjson2-extension-2.0.7.jar;E:\mavnRepository\com\alibaba\fastjson2\fastjson2\2.0.7\fastjson2-2.0.7.jar;E:\mavnRepository\org\springframework\boot\spring-boot-starter-web\2.7.3\spring-boot-starter-web-2.7.3.jar;E:\mavnRepository\org\springframework\boot\spring-boot-starter-json\2.7.3\spring-boot-starter-json-2.7.3.jar;E:\mavnRepository\com\fasterxml\jackson\core\jackson-databind\2.13.3\jackson-databind-2.13.3.jar;E:\mavnRepository\com\fasterxml\jackson\core\jackson-annotations\2.13.3\jackson-annotations-2.13.3.jar;E:\mavnRepository\com\fasterxml\jackson\core\jackson-core\2.13.3\jackson-core-2.13.3.jar;E:\mavnRepository\com\fasterxml\jackson\datatype\jackson-datatype-jdk8\2.13.3\jackson-datatype-jdk8-2.13.3.jar;E:\mavnRepository\com\fasterxml\jackson\datatype\jackson-datatype-jsr310\2.13.3\jackson-datatype-jsr310-2.13.3.jar;E:\mavnRepository\com\fasterxml\jackson\module\jackson-module-parameter-names\2.13.3\jackson-module-parameter-names-2.13.3.jar;E:\mavnRepository\org\springframework\boot\spring-boot-starter-tomcat\2.7.3\spring-boot-starter-tomcat-2.7.3.jar;E:\mavnRepository\org\apache\tomcat\embed\tomcat-embed-core\9.0.65\tomcat-embed-core-9.0.65.jar;E:\mavnRepository\org\apache\tomcat\embed\tomcat-embed-el\9.0.65\tomcat-embed-el-9.0.65.jar;E:\mavnRepository\org\apache\tomcat\embed\tomcat-embed-websocket\9.0.65\tomcat-embed-websocket-9.0.65.jar;E:\mavnRepository\org\springframework\spring-web\5.3.22\spring-web-5.3.22.jar;E:\mavnRepository\org\springframework\spring-beans\5.3.22\spring-beans-5.3.22.jar;E:\mavnRepository\org\springframework\spring-webmvc\5.3.22\spring-webmvc-5.3.22.jar;E:\mavnRepository\org\springframework\spring-aop\5.3.22\spring-aop-5.3.22.jar;E:\mavnRepository\org\springframework\spring-expression\5.3.22\spring-expression-5.3.22.jar;E:\mavnRepository\com\github\binarywang\weixin-java-mp\3.3.0\weixin-java-mp-3.3.0.jar;E:\mavnRepository\com\github\binarywang\weixin-java-common\3.3.0\weixin-java-common-3.3.0.jar;E:\mavnRepository\com\thoughtworks\xstream\xstream\1.4.10\xstream-1.4.10.jar;E:\mavnRepository\xmlpull\xmlpull\1.1.3.1\xmlpull-1.1.3.1.jar;E:\mavnRepository\xpp3\xpp3_min\1.1.4c\xpp3_min-1.1.4c.jar;E:\mavnRepository\org\apache\httpcomponents\httpclient\4.5.13\httpclient-4.5.13.jar;E:\mavnRepository\org\apache\httpcomponents\httpcore\4.4.15\httpcore-4.4.15.jar;E:\mavnRepository\org\apache\httpcomponents\httpmime\4.5.13\httpmime-4.5.13.jar;E:\mavnRepository\org\slf4j\jcl-over-slf4j\1.7.36\jcl-over-slf4j-1.7.36.jar;E:\mavnRepository\com\google\code\gson\gson\2.9.1\gson-2.9.1.jar;E:\mavnRepository\commons-codec\commons-codec\1.15\commons-codec-1.15.jar;E:\mavnRepository\commons-io\commons-io\2.5\commons-io-2.5.jar;E:\mavnRepository\org\apache\commons\commons-lang3\3.12.0\commons-lang3-3.12.0.jar;E:\mavnRepository\com\google\guava\guava\20.0\guava-20.0.jar;E:\mavnRepository\org\dom4j\dom4j\2.0.0\dom4j-2.0.0.jar;E:\mavnRepository\jaxen\jaxen\1.2.0\jaxen-1.2.0.jar;"/>
    <property name="sun.cpu.endian" value="little"/>
    <property name="user.home" value="C:\Users\78686"/>
    <property name="user.language" value="zh"/>
    <property name="java.specification.vendor" value="Oracle Corporation"/>
    <property name="java.version.date" value="2022-04-19"/>
    <property name="java.home" value="D:\idea\IntelliJ IDEA 2022.2.1\jbr"/>
    <property name="file.separator" value="\"/>
    <property name="basedir" value="E:\gitee_Project\super-fw\superFw"/>
    <property name="java.vm.compressedOopsMode" value="Zero based"/>
    <property name="line.separator" value="&#10;"/>
    <property name="java.vm.specification.vendor" value="Oracle Corporation"/>
    <property name="java.specification.name" value="Java Platform API Specification"/>
    <property name="surefire.real.class.path" value="C:\Users\78686\AppData\Local\Temp\surefire17680364102250050191\surefirebooter4421393788286349672.jar"/>
    <property name="user.script" value=""/>
    <property name="sun.management.compiler" value="HotSpot 64-Bit Tiered Compilers"/>
    <property name="java.runtime.version" value="17.0.3+7-b469.37"/>
    <property name="user.name" value="78686"/>
    <property name="path.separator" value=";"/>
    <property name="os.version" value="10.0"/>
    <property name="java.runtime.name" value="OpenJDK Runtime Environment"/>
    <property name="file.encoding" value="GBK"/>
    <property name="java.vm.name" value="OpenJDK 64-Bit Server VM"/>
    <property name="java.vendor.version" value="JBR-17.0.3+7-469.37-jcef"/>
    <property name="localRepository" value="E:\mavnRepository"/>
    <property name="java.vendor.url.bug" value="https://bugreport.java.com/bugreport/"/>
    <property name="java.io.tmpdir" value="C:\Users\78686\AppData\Local\Temp\"/>
    <property name="idea.version" value="2022.2.1"/>
    <property name="java.version" value="17.0.3"/>
    <property name="user.dir" value="E:\gitee_Project\super-fw\superFw"/>
    <property name="os.arch" value="amd64"/>
    <property name="java.vm.specification.name" value="Java Virtual Machine Specification"/>
    <property name="sun.os.patch.level" value=""/>
    <property name="native.encoding" value="GBK"/>
    <property name="java.library.path" value="D:\idea\IntelliJ IDEA 2022.2.1\jbr\bin;C:\windows\Sun\Java\bin;C:\windows\system32;C:\windows;D:\python\Scripts\;D:\python\;D:\VMware\bin\;C:\Program Files (x86)\Common Files\Oracle\Java\javapath;C:\Program Files\Java\jdk1.8.0_281\bin;C:\Users\78686\AppData\Local\Microsoft\WindowsApps;C:\windows;C:\windows\System32\OpenSSH\;C:\windows\System32\Wbem;C:\windows\System32\WindowsPowerShell\v1.0\;C:\windows\system32;D:\apache-maven-3.5.4\bin;D:\xp.cn\com\bin\;D:\mysql57\mysql5.7.30\bin;D:\python\Scripts\;D:\python\;C:\Users\78686\AppData\Local\Microsoft\WindowsApps;;."/>
    <property name="java.vm.info" value="mixed mode"/>
    <property name="java.vendor" value="JetBrains s.r.o."/>
    <property name="java.vm.version" value="17.0.3+7-b469.37"/>
    <property name="sun.io.unicode.encoding" value="UnicodeLittle"/>
    <property name="maven.repo.local" value="E:\mavnRepository"/>
    <property name="java.class.version" value="61.0"/>
  </properties>
  <testcase name="contextLoads" classname="com.luobin.luobin_tianqituisong.LuobinTianqituisongApplicationTests" time="0.372"/>
  <testcase name="goodMorning" classname="com.luobin.luobin_tianqituisong.LuobinTianqituisongApplicationTests" time="0.676">
    <error message="Cannot invoke &quot;com.alibaba.fastjson.JSONObject.getJSONArray(String)&quot; because the return value of &quot;com.alibaba.fastjson.JSONObject.getJSONObject(String)&quot; is null" type="java.lang.NullPointerException">java.lang.NullPointerException: Cannot invoke "com.alibaba.fastjson.JSONObject.getJSONArray(String)" because the return value of "com.alibaba.fastjson.JSONObject.getJSONObject(String)" is null
	at com.luobin.luobin_tianqituisong.LuobinTianqituisongApplicationTests.goodMorning(LuobinTianqituisongApplicationTests.java:16)
</error>
  </testcase>
</testsuite>